<?xml version="1.0" encoding="UTF-8"?>
<!-- Generated by org.testng.reporters.JUnitReportReporter -->
<testsuite hostname="DESKTOP-I8BLNAA" failures="0" tests="1" name="com.project.staragile.insureme.testngreports" time="7.477" errors="0" timestamp="2023-12-06T13:55:13 IST" skipped="0">
  <testcase classname="com.project.staragile.insureme.testngreports" name="verifyPageContent" time="7.477"/>
</testsuite> <!-- com.project.staragile.insureme.testngreports -->
